{"/home/mahdi/Desktop/MyProjects/Calculater/src/Functions/Add.ts": {"path":"/home/mahdi/Desktop/MyProjects/Calculater/src/Functions/Add.ts","statementMap":{"0":{"start":{"line":3,"column":16},"end":{"line":5,"column":1}},"1":{"start":{"line":4,"column":2},"end":{"line":4,"column":24}},"2":{"start":{"line":7,"column":0},"end":{"line":7,"column":23}}},"fnMap":{"0":{"name":"(anonymous_0)","decl":{"start":{"line":3,"column":16},"end":{"line":3,"column":17}},"loc":{"start":{"line":3,"column":60},"end":{"line":5,"column":1}}}},"branchMap":{},"s":{"0":1,"1":20,"2":1},"f":{"0":20},"b":{}}
,"/home/mahdi/Desktop/MyProjects/Calculater/src/Functions/DivideFunc.ts": {"path":"/home/mahdi/Desktop/MyProjects/Calculater/src/Functions/DivideFunc.ts","statementMap":{"0":{"start":{"line":3,"column":19},"end":{"line":5,"column":1}},"1":{"start":{"line":4,"column":2},"end":{"line":4,"column":24}},"2":{"start":{"line":7,"column":0},"end":{"line":7,"column":26}}},"fnMap":{"0":{"name":"(anonymous_0)","decl":{"start":{"line":3,"column":19},"end":{"line":3,"column":20}},"loc":{"start":{"line":3,"column":63},"end":{"line":5,"column":1}}}},"branchMap":{},"s":{"0":1,"1":21,"2":1},"f":{"0":21},"b":{}}
,"/home/mahdi/Desktop/MyProjects/Calculater/src/Functions/MultipleFunc.ts": {"path":"/home/mahdi/Desktop/MyProjects/Calculater/src/Functions/MultipleFunc.ts","statementMap":{"0":{"start":{"line":3,"column":36},"end":{"line":8,"column":2}},"1":{"start":{"line":10,"column":21},"end":{"line":17,"column":1}},"2":{"start":{"line":11,"column":2},"end":{"line":15,"column":3}},"3":{"start":{"line":12,"column":4},"end":{"line":14,"column":5}},"4":{"start":{"line":13,"column":6},"end":{"line":13,"column":35}},"5":{"start":{"line":16,"column":2},"end":{"line":16,"column":24}},"6":{"start":{"line":19,"column":0},"end":{"line":19,"column":28}}},"fnMap":{"0":{"name":"(anonymous_0)","decl":{"start":{"line":10,"column":21},"end":{"line":10,"column":22}},"loc":{"start":{"line":10,"column":65},"end":{"line":17,"column":1}}}},"branchMap":{"0":{"loc":{"start":{"line":12,"column":4},"end":{"line":14,"column":5}},"type":"if","locations":[{"start":{"line":12,"column":4},"end":{"line":14,"column":5}}]},"1":{"loc":{"start":{"line":12,"column":8},"end":{"line":12,"column":64}},"type":"binary-expr","locations":[{"start":{"line":12,"column":8},"end":{"line":12,"column":33}},{"start":{"line":12,"column":37},"end":{"line":12,"column":64}}]}},"s":{"0":1,"1":1,"2":24,"3":90,"4":4,"5":20,"6":1},"f":{"0":24},"b":{"0":[4],"1":[90,5]}}
,"/home/mahdi/Desktop/MyProjects/Calculater/src/Functions/Subtract.ts": {"path":"/home/mahdi/Desktop/MyProjects/Calculater/src/Functions/Subtract.ts","statementMap":{"0":{"start":{"line":3,"column":21},"end":{"line":5,"column":1}},"1":{"start":{"line":4,"column":2},"end":{"line":4,"column":24}},"2":{"start":{"line":7,"column":0},"end":{"line":7,"column":28}}},"fnMap":{"0":{"name":"(anonymous_0)","decl":{"start":{"line":3,"column":21},"end":{"line":3,"column":22}},"loc":{"start":{"line":3,"column":65},"end":{"line":5,"column":1}}}},"branchMap":{},"s":{"0":1,"1":20,"2":1},"f":{"0":20},"b":{}}
}
