TN:
SF:src/Functions/Add.ts
FN:3,(anonymous_0)
FNF:1
FNH:1
FNDA:20,(anonymous_0)
DA:3,1
DA:4,20
DA:7,1
LF:3
LH:3
BRF:0
BRH:0
end_of_record
TN:
SF:src/Functions/DivideFunc.ts
FN:3,(anonymous_0)
FNF:1
FNH:1
FNDA:21,(anonymous_0)
DA:3,1
DA:4,21
DA:7,1
LF:3
LH:3
BRF:0
BRH:0
end_of_record
TN:
SF:src/Functions/MultipleFunc.ts
FN:10,(anonymous_0)
FNF:1
FNH:1
FNDA:24,(anonymous_0)
DA:3,1
DA:10,1
DA:11,24
DA:12,90
DA:13,4
DA:16,20
DA:19,1
LF:7
LH:7
BRDA:12,0,0,4
BRDA:12,1,0,90
BRDA:12,1,1,5
BRF:3
BRH:3
end_of_record
TN:
SF:src/Functions/Subtract.ts
FN:3,(anonymous_0)
FNF:1
FNH:1
FNDA:20,(anonymous_0)
DA:3,1
DA:4,20
DA:7,1
LF:3
LH:3
BRF:0
BRH:0
end_of_record
